<?xml version="1.0" encoding="UTF-8"?>
<coverage generated="1594703969393" clover="3.2.0">
  <project timestamp="1594703969393" name="All files">
    <metrics statements="48" coveredstatements="39" conditionals="26" coveredconditionals="9" methods="24" coveredmethods="21" elements="98" coveredelements="69" complexity="0" loc="48" ncloc="48" packages="1" files="1" classes="1"/>
    <file name="create.js" path="/home/poldera/Projects/challenges/Zenklub/zenklub-slots-manager/.webpack/service/handlers/slot/create.js">
      <metrics statements="48" coveredstatements="39" conditionals="26" coveredconditionals="9" methods="24" coveredmethods="21"/>
      <line num="1" count="1" type="stmt"/>
      <line num="3" count="1" type="stmt"/>
      <line num="9" count="16" type="cond" truecount="2" falsecount="0"/>
      <line num="10" count="3" type="stmt"/>
      <line num="13" count="13" type="stmt"/>
      <line num="20" count="13" type="stmt"/>
      <line num="23" count="13" type="stmt"/>
      <line num="26" count="13" type="stmt"/>
      <line num="31" count="1" type="stmt"/>
      <line num="34" count="1" type="stmt"/>
      <line num="37" count="1" type="stmt"/>
      <line num="38" count="7" type="cond" truecount="1" falsecount="1"/>
      <line num="39" count="7" type="stmt"/>
      <line num="44" count="1" type="stmt"/>
      <line num="45" count="5" type="cond" truecount="3" falsecount="1"/>
      <line num="46" count="5" type="stmt"/>
      <line num="48" count="5" type="stmt"/>
      <line num="56" count="1" type="stmt"/>
      <line num="57" count="0" type="cond" truecount="0" falsecount="2"/>
      <line num="58" count="0" type="cond" truecount="0" falsecount="2"/>
      <line num="59" count="0" type="cond" truecount="0" falsecount="6"/>
      <line num="60" count="0" type="stmt"/>
      <line num="61" count="0" type="stmt"/>
      <line num="62" count="0" type="stmt"/>
      <line num="63" count="0" type="cond" truecount="0" falsecount="4"/>
      <line num="64" count="0" type="stmt"/>
      <line num="68" count="1" type="stmt"/>
      <line num="69" count="2" type="cond" truecount="3" falsecount="1"/>
      <line num="70" count="0" type="stmt"/>
      <line num="71" count="20" type="stmt"/>
      <line num="72" count="2" type="stmt"/>
      <line num="73" count="2" type="stmt"/>
      <line num="77" count="7" type="stmt"/>
      <line num="80" count="1" type="stmt"/>
      <line num="84" count="1" type="stmt"/>
      <line num="96" count="1" type="stmt"/>
      <line num="107" count="1" type="stmt"/>
      <line num="118" count="1" type="stmt"/>
      <line num="130" count="1" type="stmt"/>
      <line num="142" count="1" type="stmt"/>
      <line num="154" count="1" type="stmt"/>
      <line num="166" count="1" type="stmt"/>
      <line num="177" count="1" type="stmt"/>
      <line num="188" count="1" type="stmt"/>
      <line num="200" count="1" type="stmt"/>
      <line num="211" count="1" type="stmt"/>
      <line num="222" count="1" type="stmt"/>
      <line num="233" count="1" type="stmt"/>
    </file>
  </project>
</coverage>
