{"/home/poldera/Projects/challenges/Zenklub/zenklub-slots-manager/.webpack/service/handlers/slot/create.js": {"path":"/home/poldera/Projects/challenges/Zenklub/zenklub-slots-manager/.webpack/service/handlers/slot/create.js","statementMap":{"0":{"start":{"line":1,"column":0},"end":{"line":237,"column":14}},"1":{"start":{"line":1,"column":18},"end":{"line":1,"column":46}},"2":{"start":{"line":1,"column":34},"end":{"line":1,"column":46}},"3":{"start":{"line":3,"column":33},"end":{"line":3,"column":35}},"4":{"start":{"line":9,"column":11},"end":{"line":11,"column":12}},"5":{"start":{"line":10,"column":12},"end":{"line":10,"column":54}},"6":{"start":{"line":13,"column":24},"end":{"line":17,"column":12}},"7":{"start":{"line":20,"column":11},"end":{"line":20,"column":95}},"8":{"start":{"line":23,"column":11},"end":{"line":23,"column":27}},"9":{"start":{"line":26,"column":11},"end":{"line":26,"column":33}},"10":{"start":{"line":31,"column":10},"end":{"line":31,"column":42}},"11":{"start":{"line":34,"column":10},"end":{"line":34,"column":51}},"12":{"start":{"line":37,"column":10},"end":{"line":41,"column":12}},"13":{"start":{"line":38,"column":11},"end":{"line":40,"column":12}},"14":{"start":{"line":39,"column":12},"end":{"line":39,"column":84}},"15":{"start":{"line":44,"column":10},"end":{"line":49,"column":12}},"16":{"start":{"line":45,"column":11},"end":{"line":47,"column":12}},"17":{"start":{"line":46,"column":12},"end":{"line":46,"column":84}},"18":{"start":{"line":48,"column":11},"end":{"line":48,"column":73}},"19":{"start":{"line":56,"column":10},"end":{"line":65,"column":12}},"20":{"start":{"line":57,"column":11},"end":{"line":57,"column":59}},"21":{"start":{"line":57,"column":24},"end":{"line":57,"column":59}},"22":{"start":{"line":58,"column":11},"end":{"line":58,"column":37}},"23":{"start":{"line":58,"column":24},"end":{"line":58,"column":37}},"24":{"start":{"line":59,"column":11},"end":{"line":59,"column":97}},"25":{"start":{"line":59,"column":84},"end":{"line":59,"column":97}},"26":{"start":{"line":60,"column":20},"end":{"line":60,"column":39}},"27":{"start":{"line":61,"column":11},"end":{"line":61,"column":37}},"28":{"start":{"line":62,"column":11},"end":{"line":62,"column":84}},"29":{"start":{"line":63,"column":11},"end":{"line":63,"column":159}},"30":{"start":{"line":63,"column":52},"end":{"line":63,"column":159}},"31":{"start":{"line":63,"column":74},"end":{"line":63,"column":159}},"32":{"start":{"line":63,"column":121},"end":{"line":63,"column":139}},"33":{"start":{"line":64,"column":11},"end":{"line":64,"column":21}},"34":{"start":{"line":68,"column":10},"end":{"line":74,"column":12}},"35":{"start":{"line":69,"column":24},"end":{"line":71,"column":58}},"36":{"start":{"line":70,"column":36},"end":{"line":70,"column":61}},"37":{"start":{"line":71,"column":42},"end":{"line":71,"column":56}},"38":{"start":{"line":72,"column":11},"end":{"line":72,"column":54}},"39":{"start":{"line":73,"column":11},"end":{"line":73,"column":25}},"40":{"start":{"line":77,"column":10},"end":{"line":77,"column":128}},"41":{"start":{"line":77,"column":63},"end":{"line":77,"column":125}},"42":{"start":{"line":80,"column":10},"end":{"line":80,"column":37}},"43":{"start":{"line":84,"column":10},"end":{"line":84,"column":90}},"44":{"start":{"line":96,"column":0},"end":{"line":96,"column":796}},"45":{"start":{"line":107,"column":0},"end":{"line":107,"column":575}},"46":{"start":{"line":118,"column":0},"end":{"line":118,"column":1362}},"47":{"start":{"line":130,"column":0},"end":{"line":130,"column":2867}},"48":{"start":{"line":142,"column":0},"end":{"line":142,"column":1338}},"49":{"start":{"line":154,"column":0},"end":{"line":154,"column":1909}},"50":{"start":{"line":166,"column":0},"end":{"line":166,"column":6861}},"51":{"start":{"line":177,"column":0},"end":{"line":177,"column":642}},"52":{"start":{"line":188,"column":0},"end":{"line":188,"column":1446}},"53":{"start":{"line":200,"column":0},"end":{"line":200,"column":3114}},"54":{"start":{"line":211,"column":0},"end":{"line":211,"column":414}},"55":{"start":{"line":222,"column":0},"end":{"line":222,"column":426}},"56":{"start":{"line":233,"column":0},"end":{"line":233,"column":402}}},"fnMap":{"0":{"name":"(anonymous_0)","decl":{"start":{"line":1,"column":1},"end":{"line":1,"column":2}},"loc":{"start":{"line":1,"column":16},"end":{"line":1,"column":48}},"line":1},"1":{"name":"(anonymous_1)","decl":{"start":{"line":1,"column":68},"end":{"line":1,"column":69}},"loc":{"start":{"line":1,"column":86},"end":{"line":85,"column":10}},"line":1},"2":{"name":"__webpack_require__","decl":{"start":{"line":6,"column":19},"end":{"line":6,"column":38}},"loc":{"start":{"line":6,"column":49},"end":{"line":27,"column":11}},"line":6},"3":{"name":"(anonymous_3)","decl":{"start":{"line":37,"column":34},"end":{"line":37,"column":35}},"loc":{"start":{"line":37,"column":66},"end":{"line":41,"column":11}},"line":37},"4":{"name":"(anonymous_4)","decl":{"start":{"line":44,"column":34},"end":{"line":44,"column":35}},"loc":{"start":{"line":44,"column":52},"end":{"line":49,"column":11}},"line":44},"5":{"name":"(anonymous_5)","decl":{"start":{"line":56,"column":34},"end":{"line":56,"column":35}},"loc":{"start":{"line":56,"column":56},"end":{"line":65,"column":11}},"line":56},"6":{"name":"(anonymous_6)","decl":{"start":{"line":63,"column":105},"end":{"line":63,"column":106}},"loc":{"start":{"line":63,"column":119},"end":{"line":63,"column":141}},"line":63},"7":{"name":"(anonymous_7)","decl":{"start":{"line":68,"column":34},"end":{"line":68,"column":35}},"loc":{"start":{"line":68,"column":51},"end":{"line":74,"column":11}},"line":68},"8":{"name":"getDefault","decl":{"start":{"line":70,"column":21},"end":{"line":70,"column":31}},"loc":{"start":{"line":70,"column":34},"end":{"line":70,"column":63}},"line":70},"9":{"name":"getModuleExports","decl":{"start":{"line":71,"column":21},"end":{"line":71,"column":37}},"loc":{"start":{"line":71,"column":40},"end":{"line":71,"column":58}},"line":71},"10":{"name":"(anonymous_10)","decl":{"start":{"line":77,"column":34},"end":{"line":77,"column":35}},"loc":{"start":{"line":77,"column":61},"end":{"line":77,"column":127}},"line":77},"11":{"name":"(anonymous_11)","decl":{"start":{"line":94,"column":7},"end":{"line":94,"column":8}},"loc":{"start":{"line":94,"column":54},"end":{"line":98,"column":7}},"line":94},"12":{"name":"(anonymous_12)","decl":{"start":{"line":105,"column":7},"end":{"line":105,"column":8}},"loc":{"start":{"line":105,"column":33},"end":{"line":109,"column":7}},"line":105},"13":{"name":"(anonymous_13)","decl":{"start":{"line":116,"column":7},"end":{"line":116,"column":8}},"loc":{"start":{"line":116,"column":33},"end":{"line":120,"column":7}},"line":116},"14":{"name":"(anonymous_14)","decl":{"start":{"line":127,"column":7},"end":{"line":127,"column":8}},"loc":{"start":{"line":127,"column":66},"end":{"line":132,"column":7}},"line":127},"15":{"name":"(anonymous_15)","decl":{"start":{"line":139,"column":7},"end":{"line":139,"column":8}},"loc":{"start":{"line":139,"column":66},"end":{"line":144,"column":7}},"line":139},"16":{"name":"(anonymous_16)","decl":{"start":{"line":151,"column":7},"end":{"line":151,"column":8}},"loc":{"start":{"line":151,"column":66},"end":{"line":156,"column":7}},"line":151},"17":{"name":"(anonymous_17)","decl":{"start":{"line":163,"column":7},"end":{"line":163,"column":8}},"loc":{"start":{"line":163,"column":66},"end":{"line":168,"column":7}},"line":163},"18":{"name":"(anonymous_18)","decl":{"start":{"line":175,"column":7},"end":{"line":175,"column":8}},"loc":{"start":{"line":175,"column":54},"end":{"line":179,"column":7}},"line":175},"19":{"name":"(anonymous_19)","decl":{"start":{"line":186,"column":7},"end":{"line":186,"column":8}},"loc":{"start":{"line":186,"column":33},"end":{"line":190,"column":7}},"line":186},"20":{"name":"(anonymous_20)","decl":{"start":{"line":197,"column":7},"end":{"line":197,"column":8}},"loc":{"start":{"line":197,"column":66},"end":{"line":202,"column":7}},"line":197},"21":{"name":"(anonymous_21)","decl":{"start":{"line":209,"column":7},"end":{"line":209,"column":8}},"loc":{"start":{"line":209,"column":33},"end":{"line":213,"column":7}},"line":209},"22":{"name":"(anonymous_22)","decl":{"start":{"line":220,"column":7},"end":{"line":220,"column":8}},"loc":{"start":{"line":220,"column":33},"end":{"line":224,"column":7}},"line":220},"23":{"name":"(anonymous_23)","decl":{"start":{"line":231,"column":7},"end":{"line":231,"column":8}},"loc":{"start":{"line":231,"column":33},"end":{"line":235,"column":7}},"line":231}},"branchMap":{"0":{"loc":{"start":{"line":9,"column":11},"end":{"line":11,"column":12}},"type":"if","locations":[{"start":{"line":9,"column":11},"end":{"line":11,"column":12}},{"start":{"line":9,"column":11},"end":{"line":11,"column":12}}],"line":9},"1":{"loc":{"start":{"line":38,"column":11},"end":{"line":40,"column":12}},"type":"if","locations":[{"start":{"line":38,"column":11},"end":{"line":40,"column":12}},{"start":{"line":38,"column":11},"end":{"line":40,"column":12}}],"line":38},"2":{"loc":{"start":{"line":45,"column":11},"end":{"line":47,"column":12}},"type":"if","locations":[{"start":{"line":45,"column":11},"end":{"line":47,"column":12}},{"start":{"line":45,"column":11},"end":{"line":47,"column":12}}],"line":45},"3":{"loc":{"start":{"line":45,"column":14},"end":{"line":45,"column":65}},"type":"binary-expr","locations":[{"start":{"line":45,"column":14},"end":{"line":45,"column":43}},{"start":{"line":45,"column":47},"end":{"line":45,"column":65}}],"line":45},"4":{"loc":{"start":{"line":57,"column":11},"end":{"line":57,"column":59}},"type":"if","locations":[{"start":{"line":57,"column":11},"end":{"line":57,"column":59}},{"start":{"line":57,"column":11},"end":{"line":57,"column":59}}],"line":57},"5":{"loc":{"start":{"line":58,"column":11},"end":{"line":58,"column":37}},"type":"if","locations":[{"start":{"line":58,"column":11},"end":{"line":58,"column":37}},{"start":{"line":58,"column":11},"end":{"line":58,"column":37}}],"line":58},"6":{"loc":{"start":{"line":59,"column":11},"end":{"line":59,"column":97}},"type":"if","locations":[{"start":{"line":59,"column":11},"end":{"line":59,"column":97}},{"start":{"line":59,"column":11},"end":{"line":59,"column":97}}],"line":59},"7":{"loc":{"start":{"line":59,"column":14},"end":{"line":59,"column":82}},"type":"binary-expr","locations":[{"start":{"line":59,"column":15},"end":{"line":59,"column":23}},{"start":{"line":59,"column":28},"end":{"line":59,"column":53}},{"start":{"line":59,"column":57},"end":{"line":59,"column":62}},{"start":{"line":59,"column":66},"end":{"line":59,"column":82}}],"line":59},"8":{"loc":{"start":{"line":63,"column":11},"end":{"line":63,"column":159}},"type":"if","locations":[{"start":{"line":63,"column":11},"end":{"line":63,"column":159}},{"start":{"line":63,"column":11},"end":{"line":63,"column":159}}],"line":63},"9":{"loc":{"start":{"line":63,"column":14},"end":{"line":63,"column":50}},"type":"binary-expr","locations":[{"start":{"line":63,"column":14},"end":{"line":63,"column":22}},{"start":{"line":63,"column":26},"end":{"line":63,"column":50}}],"line":63},"10":{"loc":{"start":{"line":69,"column":24},"end":{"line":71,"column":58}},"type":"cond-expr","locations":[{"start":{"line":70,"column":12},"end":{"line":70,"column":63}},{"start":{"line":71,"column":12},"end":{"line":71,"column":58}}],"line":69},"11":{"loc":{"start":{"line":69,"column":24},"end":{"line":69,"column":51}},"type":"binary-expr","locations":[{"start":{"line":69,"column":24},"end":{"line":69,"column":30}},{"start":{"line":69,"column":34},"end":{"line":69,"column":51}}],"line":69}},"s":{"0":1,"1":1,"2":1,"3":1,"4":16,"5":3,"6":13,"7":13,"8":13,"9":13,"10":1,"11":1,"12":1,"13":7,"14":7,"15":1,"16":5,"17":5,"18":5,"19":1,"20":0,"21":0,"22":0,"23":0,"24":0,"25":0,"26":0,"27":0,"28":0,"29":0,"30":0,"31":0,"32":0,"33":0,"34":1,"35":2,"36":0,"37":20,"38":2,"39":2,"40":1,"41":7,"42":1,"43":1,"44":1,"45":1,"46":1,"47":1,"48":1,"49":1,"50":1,"51":1,"52":1,"53":1,"54":1,"55":1,"56":1},"f":{"0":1,"1":1,"2":16,"3":7,"4":5,"5":0,"6":0,"7":2,"8":0,"9":20,"10":7,"11":1,"12":1,"13":1,"14":1,"15":1,"16":1,"17":1,"18":1,"19":1,"20":1,"21":1,"22":1,"23":1},"b":{"0":[3,13],"1":[7,0],"2":[5,0],"3":[5,5],"4":[0,0],"5":[0,0],"6":[0,0],"7":[0,0,0,0],"8":[0,0],"9":[0,0],"10":[0,2],"11":[2,2]},"_coverageSchema":"1a1c01bbd47fc00a2c39e90264f33305004495a9","hash":"05ecd5e8191def9756730dd9341a27ce9ed9bcf0"}
}
