TN:
SF:.webpack/service/handlers/slot/create.js
FN:1,(anonymous_0)
FN:1,(anonymous_1)
FN:6,__webpack_require__
FN:37,(anonymous_3)
FN:44,(anonymous_4)
FN:56,(anonymous_5)
FN:63,(anonymous_6)
FN:68,(anonymous_7)
FN:70,getDefault
FN:71,getModuleExports
FN:77,(anonymous_10)
FN:94,(anonymous_11)
FN:105,(anonymous_12)
FN:116,(anonymous_13)
FN:127,(anonymous_14)
FN:139,(anonymous_15)
FN:151,(anonymous_16)
FN:163,(anonymous_17)
FN:175,(anonymous_18)
FN:186,(anonymous_19)
FN:197,(anonymous_20)
FN:209,(anonymous_21)
FN:220,(anonymous_22)
FN:231,(anonymous_23)
FNF:24
FNH:21
FNDA:1,(anonymous_0)
FNDA:1,(anonymous_1)
FNDA:16,__webpack_require__
FNDA:7,(anonymous_3)
FNDA:5,(anonymous_4)
FNDA:0,(anonymous_5)
FNDA:0,(anonymous_6)
FNDA:2,(anonymous_7)
FNDA:0,getDefault
FNDA:20,getModuleExports
FNDA:7,(anonymous_10)
FNDA:1,(anonymous_11)
FNDA:1,(anonymous_12)
FNDA:1,(anonymous_13)
FNDA:1,(anonymous_14)
FNDA:1,(anonymous_15)
FNDA:1,(anonymous_16)
FNDA:1,(anonymous_17)
FNDA:1,(anonymous_18)
FNDA:1,(anonymous_19)
FNDA:1,(anonymous_20)
FNDA:1,(anonymous_21)
FNDA:1,(anonymous_22)
FNDA:1,(anonymous_23)
DA:1,1
DA:3,1
DA:9,16
DA:10,3
DA:13,13
DA:20,13
DA:23,13
DA:26,13
DA:31,1
DA:34,1
DA:37,1
DA:38,7
DA:39,7
DA:44,1
DA:45,5
DA:46,5
DA:48,5
DA:56,1
DA:57,0
DA:58,0
DA:59,0
DA:60,0
DA:61,0
DA:62,0
DA:63,0
DA:64,0
DA:68,1
DA:69,2
DA:70,0
DA:71,20
DA:72,2
DA:73,2
DA:77,7
DA:80,1
DA:84,1
DA:96,1
DA:107,1
DA:118,1
DA:130,1
DA:142,1
DA:154,1
DA:166,1
DA:177,1
DA:188,1
DA:200,1
DA:211,1
DA:222,1
DA:233,1
LF:48
LH:39
BRDA:9,0,0,3
BRDA:9,0,1,13
BRDA:38,1,0,7
BRDA:38,1,1,0
BRDA:45,2,0,5
BRDA:45,2,1,0
BRDA:45,3,0,5
BRDA:45,3,1,5
BRDA:57,4,0,0
BRDA:57,4,1,0
BRDA:58,5,0,0
BRDA:58,5,1,0
BRDA:59,6,0,0
BRDA:59,6,1,0
BRDA:59,7,0,0
BRDA:59,7,1,0
BRDA:59,7,2,0
BRDA:59,7,3,0
BRDA:63,8,0,0
BRDA:63,8,1,0
BRDA:63,9,0,0
BRDA:63,9,1,0
BRDA:69,10,0,0
BRDA:69,10,1,2
BRDA:69,11,0,2
BRDA:69,11,1,2
BRF:26
BRH:9
end_of_record
